Added Parameter Capacitance=22uF to Part C1
Added Parameter Case/Package=0805 to Part C1
Added Parameter Case Code (Imperial)=0805 to Part C1
Added Parameter Case Code (Metric)=2012 to Part C1
Added Parameter Depth=1.25mm to Part C1
Added Parameter Dielectric=X5R to Part C1
Added Parameter Dielectric Material=Ceramic to Part C1
Added Parameter Dissipation Factor=12.5% to Part C1
Added Parameter Height=1.4mm to Part C1
Added Parameter Insulation Resistance=10GR to Part C1
Added Parameter Lead Free=Lead Free to Part C1
Added Parameter Length=2.01mm to Part C1
Added Parameter Max Operating Temperature=85°C to Part C1
Added Parameter Min Operating Temperature=-55°C to Part C1
Added Parameter Mount=Surface Mount,PCB to Part C1
Added Parameter Number of Pins=2 to Part C1
Added Parameter Package Quantity=1 to Part C1
Added Parameter Packaging=Tape and Reel to Part C1
Added Parameter Radiation Hardening=No to Part C1
Added Parameter REACH SVHC=No SVHC to Part C1
Added Parameter RoHS Compliant=Yes to Part C1
Added Parameter Termination=SMD/SMT to Part C1
Added Parameter Thickness=0.055inch to Part C1
Added Parameter Tolerance=20% to Part C1
Added Parameter Voltage=6.3V to Part C1
Added Parameter Voltage Rating (DC)=6.3V to Part C1
Added Parameter Voltage Rating=6.3V to Part C1
Added Parameter Width=0.049inch to Part C1
Update Managed Component C1 From CMP-001-00083-1[22 uF] To CMP-001-00083-1[08056D226MAT2A] in Sheet1.SchDoc
