Replace Part BAT BAT in C:\AUT2021\Altium Project\SolarLiPoCharger_Capstone\Sheet1.SchDoc with BAT from schematiclib1.SchLib
Replace Part C1 Capacitor 0805 in C:\AUT2021\Altium Project\SolarLiPoCharger_Capstone\Sheet1.SchDoc with Capacitor 0805 from schematiclib1.SchLib
Replace Part C2 Capacitor 0402 in C:\AUT2021\Altium Project\SolarLiPoCharger_Capstone\Sheet1.SchDoc with Capacitor 0402 from schematiclib1.SchLib
Replace Part C3 Capacitor 0805 in C:\AUT2021\Altium Project\SolarLiPoCharger_Capstone\Sheet1.SchDoc with Capacitor 0805 from schematiclib1.SchLib
Replace Part C4 Capacitor 0402 in C:\AUT2021\Altium Project\SolarLiPoCharger_Capstone\Sheet1.SchDoc with Capacitor 0402 from schematiclib1.SchLib
Replace Part C5 Capacitor 0402 in C:\AUT2021\Altium Project\SolarLiPoCharger_Capstone\Sheet1.SchDoc with Capacitor 0402 from schematiclib1.SchLib
Replace Part C6 Capacitor 0805 in C:\AUT2021\Altium Project\SolarLiPoCharger_Capstone\Sheet1.SchDoc with Capacitor 0805 from schematiclib1.SchLib
Replace Part CN3083 CN3038 in C:\AUT2021\Altium Project\SolarLiPoCharger_Capstone\Sheet1.SchDoc with CN3038 from schematiclib1.SchLib
Replace Part D1 Diode 0603 in C:\AUT2021\Altium Project\SolarLiPoCharger_Capstone\Sheet1.SchDoc with Diode 0603 from schematiclib1.SchLib
Replace Part D2 Diode 0603 in C:\AUT2021\Altium Project\SolarLiPoCharger_Capstone\Sheet1.SchDoc with Diode 0603 from schematiclib1.SchLib
Replace Part L1 Inductor in C:\AUT2021\Altium Project\SolarLiPoCharger_Capstone\Sheet1.SchDoc with Inductor from schematiclib1.SchLib
Replace Part P? MICRO USB  PORT in C:\AUT2021\Altium Project\SolarLiPoCharger_Capstone\Sheet1.SchDoc with MICRO USB  PORT from schematiclib1.SchLib
Replace Part PWR IN SOLAR PWR IN in C:\AUT2021\Altium Project\SolarLiPoCharger_Capstone\Sheet1.SchDoc with SOLAR PWR IN from schematiclib1.SchLib
Replace Part R1 Resistor 0402 in C:\AUT2021\Altium Project\SolarLiPoCharger_Capstone\Sheet1.SchDoc with Resistor 0402 from schematiclib1.SchLib
Replace Part R2 Resistor 0402 in C:\AUT2021\Altium Project\SolarLiPoCharger_Capstone\Sheet1.SchDoc with Resistor 0402 from schematiclib1.SchLib
Replace Part R3 Resistor 0805 in C:\AUT2021\Altium Project\SolarLiPoCharger_Capstone\Sheet1.SchDoc with Resistor 0805 from schematiclib1.SchLib
Replace Part R4 Resistor 0805 in C:\AUT2021\Altium Project\SolarLiPoCharger_Capstone\Sheet1.SchDoc with Resistor 0805 from schematiclib1.SchLib
Replace Part R5 Resistor 0805 in C:\AUT2021\Altium Project\SolarLiPoCharger_Capstone\Sheet1.SchDoc with Resistor 0805 from schematiclib1.SchLib
Replace Part R6 Resistor 0402 in C:\AUT2021\Altium Project\SolarLiPoCharger_Capstone\Sheet1.SchDoc with Resistor 0402 from schematiclib1.SchLib
Replace Part SS14 SS14 Diode in C:\AUT2021\Altium Project\SolarLiPoCharger_Capstone\Sheet1.SchDoc with SS14 Diode from schematiclib1.SchLib
Replace Part TPS61200 TPS61200 in C:\AUT2021\Altium Project\SolarLiPoCharger_Capstone\Sheet1.SchDoc with TPS61200 from schematiclib1.SchLib
